Flow report for FlipFlopD
Tue Nov 03 12:47:33 2020
Quartus Prime Version 20.1.0 Build 711 06/05/2020 SJ Lite Edition


---------------------
; Table of Contents ;
---------------------
  1. Legal Notice
  2. Flow Summary
  3. Flow Settings
  4. Flow Non-Default Global Settings
  5. Flow Elapsed Time
  6. Flow OS Summary
  7. Flow Log
  8. Flow Messages
  9. Flow Suppressed Messages



----------------
; Legal Notice ;
----------------
Copyright (C) 2020  Intel Corporation. All rights reserved.
Your use of Intel Corporation's design tools, logic functions 
and other software and tools, and any partner logic 
functions, and any output files from any of the foregoing 
(including device programming or simulation files), and any 
associated documentation or information are expressly subject 
to the terms and conditions of the Intel Program License 
Subscription Agreement, the Intel Quartus Prime License Agreement,
the Intel FPGA IP License Agreement, or other applicable license
agreement, including, without limitation, that your use is for
the sole purpose of programming logic devices manufactured by
Intel and sold by Intel or its authorized distributors.  Please
refer to the applicable agreement for further details, at
https://fpgasoftware.intel.com/eula.



+----------------------------------------------------------------------------------+
; Flow Summary                                                                     ;
+------------------------------------+---------------------------------------------+
; Flow Status                        ; Successful - Tue Nov 03 12:47:33 2020       ;
; Quartus Prime Version              ; 20.1.0 Build 711 06/05/2020 SJ Lite Edition ;
; Revision Name                      ; FlipFlopD                                   ;
; Top-level Entity Name              ; flipFlopD                                   ;
; Family                             ; Cyclone IV GX                               ;
; Total logic elements               ; 7 / 14,400 ( < 1 % )                        ;
;     Total combinational functions  ; 7 / 14,400 ( < 1 % )                        ;
;     Dedicated logic registers      ; 0 / 14,400 ( 0 % )                          ;
; Total registers                    ; 0                                           ;
; Total pins                         ; 6 / 81 ( 7 % )                              ;
; Total virtual pins                 ; 0                                           ;
; Total memory bits                  ; 0 / 552,960 ( 0 % )                         ;
; Embedded Multiplier 9-bit elements ; 0                                           ;
; Total GXB Receiver Channel PCS     ; 0 / 2 ( 0 % )                               ;
; Total GXB Receiver Channel PMA     ; 0 / 2 ( 0 % )                               ;
; Total GXB Transmitter Channel PCS  ; 0 / 2 ( 0 % )                               ;
; Total GXB Transmitter Channel PMA  ; 0 / 2 ( 0 % )                               ;
; Total PLLs                         ; 0 / 3 ( 0 % )                               ;
; Device                             ; EP4CGX15BF14C6                              ;
; Timing Models                      ; Final                                       ;
+------------------------------------+---------------------------------------------+


+-----------------------------------------+
; Flow Settings                           ;
+-------------------+---------------------+
; Option            ; Setting             ;
+-------------------+---------------------+
; Start date & time ; 11/03/2020 12:28:30 ;
; Main task         ; Compilation         ;
; Revision Name     ; FlipFlopD           ;
+-------------------+---------------------+


+------------------------------------------------------------------------------------------------------------------------------------------------+
; Flow Non-Default Global Settings                                                                                                               ;
+-------------------------------------+----------------------------------------+---------------+-------------+-----------------------------------+
; Assignment Name                     ; Value                                  ; Default Value ; Entity Name ; Section Id                        ;
+-------------------------------------+----------------------------------------+---------------+-------------+-----------------------------------+
; COMPILER_SIGNATURE_ID               ; 48710637202523.160440650908436         ; --            ; --          ; --                                ;
; EDA_GENERATE_FUNCTIONAL_NETLIST     ; Off                                    ; --            ; --          ; eda_board_design_timing           ;
; EDA_GENERATE_FUNCTIONAL_NETLIST     ; Off                                    ; --            ; --          ; eda_board_design_boundary_scan    ;
; EDA_GENERATE_FUNCTIONAL_NETLIST     ; Off                                    ; --            ; --          ; eda_board_design_signal_integrity ;
; EDA_GENERATE_FUNCTIONAL_NETLIST     ; Off                                    ; --            ; --          ; eda_board_design_symbol           ;
; EDA_OUTPUT_DATA_FORMAT              ; Vhdl                                   ; --            ; --          ; eda_simulation                    ;
; EDA_SIMULATION_TOOL                 ; ModelSim-Altera (VHDL)                 ; <None>        ; --          ; --                                ;
; EDA_TIME_SCALE                      ; 1 ps                                   ; --            ; --          ; eda_simulation                    ;
; NUM_PARALLEL_PROCESSORS             ; All                                    ; --            ; --          ; --                                ;
; PARTITION_COLOR                     ; -- (Not supported for targeted family) ; --            ; --          ; Top                               ;
; PARTITION_FITTER_PRESERVATION_LEVEL ; -- (Not supported for targeted family) ; --            ; --          ; Top                               ;
; PARTITION_NETLIST_TYPE              ; -- (Not supported for targeted family) ; --            ; --          ; Top                               ;
; PROJECT_OUTPUT_DIRECTORY            ; output_files                           ; --            ; --          ; --                                ;
+-------------------------------------+----------------------------------------+---------------+-------------+-----------------------------------+


+--------------------------------------------------------------------------------------------------------------------------+
; Flow Elapsed Time                                                                                                        ;
+----------------------+--------------+-------------------------+---------------------+------------------------------------+
; Module Name          ; Elapsed Time ; Average Processors Used ; Peak Virtual Memory ; Total CPU Time (on all processors) ;
+----------------------+--------------+-------------------------+---------------------+------------------------------------+
; Analysis & Synthesis ; 00:00:14     ; 1.0                     ; 4849 MB             ; 00:00:29                           ;
; Fitter               ; 00:00:08     ; 1.0                     ; 5319 MB             ; 00:00:06                           ;
; Assembler            ; 00:00:01     ; 1.0                     ; 4753 MB             ; 00:00:01                           ;
; Timing Analyzer      ; 00:00:03     ; 1.0                     ; 4732 MB             ; 00:00:02                           ;
; EDA Netlist Writer   ; 00:00:01     ; 1.0                     ; 4710 MB             ; 00:00:01                           ;
; EDA Netlist Writer   ; 00:00:00     ; 1.0                     ; 4702 MB             ; 00:00:01                           ;
; EDA Netlist Writer   ; 00:00:01     ; 1.0                     ; 4709 MB             ; 00:00:01                           ;
; EDA Netlist Writer   ; 00:00:01     ; 1.0                     ; 4702 MB             ; 00:00:01                           ;
; EDA Netlist Writer   ; 00:00:00     ; 1.0                     ; 4709 MB             ; 00:00:01                           ;
; EDA Netlist Writer   ; 00:00:01     ; 1.0                     ; 4702 MB             ; 00:00:01                           ;
; EDA Netlist Writer   ; 00:00:00     ; 1.0                     ; 4709 MB             ; 00:00:01                           ;
; EDA Netlist Writer   ; 00:00:01     ; 1.0                     ; 4702 MB             ; 00:00:01                           ;
; EDA Netlist Writer   ; 00:00:01     ; 1.0                     ; 4709 MB             ; 00:00:01                           ;
; Total                ; 00:00:32     ; --                      ; --                  ; 00:00:47                           ;
+----------------------+--------------+-------------------------+---------------------+------------------------------------+


+------------------------------------------------------------------------------------+
; Flow OS Summary                                                                    ;
+----------------------+------------------+------------+------------+----------------+
; Module Name          ; Machine Hostname ; OS Name    ; OS Version ; Processor type ;
+----------------------+------------------+------------+------------+----------------+
; Analysis & Synthesis ; DESKTOP-AV7OBB1  ; Windows 10 ; 10.0       ; x86_64         ;
; Fitter               ; DESKTOP-AV7OBB1  ; Windows 10 ; 10.0       ; x86_64         ;
; Assembler            ; DESKTOP-AV7OBB1  ; Windows 10 ; 10.0       ; x86_64         ;
; Timing Analyzer      ; DESKTOP-AV7OBB1  ; Windows 10 ; 10.0       ; x86_64         ;
; EDA Netlist Writer   ; DESKTOP-AV7OBB1  ; Windows 10 ; 10.0       ; x86_64         ;
; EDA Netlist Writer   ; DESKTOP-AV7OBB1  ; Windows 10 ; 10.0       ; x86_64         ;
; EDA Netlist Writer   ; DESKTOP-AV7OBB1  ; Windows 10 ; 10.0       ; x86_64         ;
; EDA Netlist Writer   ; DESKTOP-AV7OBB1  ; Windows 10 ; 10.0       ; x86_64         ;
; EDA Netlist Writer   ; DESKTOP-AV7OBB1  ; Windows 10 ; 10.0       ; x86_64         ;
; EDA Netlist Writer   ; DESKTOP-AV7OBB1  ; Windows 10 ; 10.0       ; x86_64         ;
; EDA Netlist Writer   ; DESKTOP-AV7OBB1  ; Windows 10 ; 10.0       ; x86_64         ;
; EDA Netlist Writer   ; DESKTOP-AV7OBB1  ; Windows 10 ; 10.0       ; x86_64         ;
; EDA Netlist Writer   ; DESKTOP-AV7OBB1  ; Windows 10 ; 10.0       ; x86_64         ;
+----------------------+------------------+------------+------------+----------------+


------------
; Flow Log ;
------------
quartus_map --read_settings_files=on --write_settings_files=off FlipFlopD -c FlipFlopD
quartus_fit --read_settings_files=off --write_settings_files=off FlipFlopD -c FlipFlopD
quartus_asm --read_settings_files=off --write_settings_files=off FlipFlopD -c FlipFlopD
quartus_sta FlipFlopD -c FlipFlopD
quartus_eda --read_settings_files=off --write_settings_files=off FlipFlopD -c FlipFlopD
quartus_eda --gen_testbench --tool=modelsim_oem --format=vhdl --write_settings_files=off FlipFlopD -c FlipFlopD --vector_source=C:/Users/Menino/Desktop/MEU/ACA/labs/5-VHDLSimulation/FlipFlopD/flipFlopD1.vwf --testbench_file=C:/Users/Menino/Desktop/MEU/ACA/labs/5-VHDLSimulation/FlipFlopD/simulation/qsim/flipFlopD1.vwf.vht
quartus_eda --write_settings_files=off --simulation=on --functional=on --flatten_buses=off --tool=modelsim_oem --format=vhdl --output_directory=C:/Users/Menino/Desktop/MEU/ACA/labs/5-VHDLSimulation/FlipFlopD/simulation/qsim/ FlipFlopD -c FlipFlopD
quartus_eda --gen_testbench --tool=modelsim_oem --format=vhdl --write_settings_files=off FlipFlopD -c FlipFlopD --vector_source=C:/Users/Menino/Desktop/MEU/ACA/labs/5-VHDLSimulation/FlipFlopD/flipFlopD1.vwf --testbench_file=C:/Users/Menino/Desktop/MEU/ACA/labs/5-VHDLSimulation/FlipFlopD/simulation/qsim/flipFlopD1.vwf.vht
quartus_eda --write_settings_files=off --simulation=on --functional=on --flatten_buses=off --tool=modelsim_oem --format=vhdl --output_directory=C:/Users/Menino/Desktop/MEU/ACA/labs/5-VHDLSimulation/FlipFlopD/simulation/qsim/ FlipFlopD -c FlipFlopD
quartus_eda --gen_testbench --tool=modelsim_oem --format=vhdl --write_settings_files=off FlipFlopD -c FlipFlopD --vector_source=C:/Users/Menino/Desktop/MEU/ACA/labs/5-VHDLSimulation/FlipFlopD/flipFlopD1.vwf --testbench_file=C:/Users/Menino/Desktop/MEU/ACA/labs/5-VHDLSimulation/FlipFlopD/simulation/qsim/flipFlopD1.vwf.vht
quartus_eda --write_settings_files=off --simulation=on --functional=on --flatten_buses=off --tool=modelsim_oem --format=vhdl --output_directory=C:/Users/Menino/Desktop/MEU/ACA/labs/5-VHDLSimulation/FlipFlopD/simulation/qsim/ FlipFlopD -c FlipFlopD
quartus_eda --gen_testbench --tool=modelsim_oem --format=vhdl --write_settings_files=off FlipFlopD -c FlipFlopD --vector_source=C:/Users/Menino/Desktop/MEU/ACA/labs/5-VHDLSimulation/FlipFlopD/flipFlopD1.vwf --testbench_file=C:/Users/Menino/Desktop/MEU/ACA/labs/5-VHDLSimulation/FlipFlopD/simulation/qsim/flipFlopD1.vwf.vht
quartus_eda --write_settings_files=off --simulation=on --functional=on --flatten_buses=off --tool=modelsim_oem --format=vhdl --output_directory=C:/Users/Menino/Desktop/MEU/ACA/labs/5-VHDLSimulation/FlipFlopD/simulation/qsim/ FlipFlopD -c FlipFlopD



